C51 COMPILER V9.60.0.0   DELAY                                                             12/17/2022 17:38:34 PAGE 1   


C51 COMPILER V9.60.0.0, COMPILATION OF MODULE DELAY
OBJECT MODULE PLACED IN .\Objects\Delay.obj
COMPILER INVOKED BY: C:\Keil_v5\C51\BIN\C51.EXE ..\Lib\Delay.c OPTIMIZE(8,SPEED) BROWSE DEBUG OBJECTEXTEND PRINT(.\Listi
                    -ngs\Delay.lst) TABS(2) OBJECT(.\Objects\Delay.obj)

line level    source

   1          #include "Delay.h"
   2          #include "main.h"
*** WARNING C318 IN LINE 2 OF ..\Lib\Delay.c: can't open file 'main.h'
   3          
   4          #if(FREQ_OSC == 12000000) 
*** WARNING C322 IN LINE 4 OF ..\Lib\Delay.c: unknown identifier
                void delay(unsigned int t)
                {
                  unsigned int x, y;
                  for (x = 0; x < t ; x ++)
                  {
                    for (y = 0; y < 123; y++);
                  }
                }
                
              #elif(FREQ_OSC == 11059200)
*** WARNING C322 IN LINE 14 OF ..\Lib\Delay.c: unknown identifier
                void delay(unsigned int t)
                {
                  unsigned int x, y;
                  for (x = 0; x < t ; x ++)
                  {
                    for (y = 0; y < 113; y++);
                  }
                }
              
              #elif(FREQ_OSC == 8000000)
*** WARNING C322 IN LINE 24 OF ..\Lib\Delay.c: unknown identifier
                void delay(unsigned int t)
                {
                  unsigned int x,
                  unsigned char y;
                  for (x = 0; x < t ; x ++)
                  {
                    for (y = 0; y < 218; y++);
                  }
                }
                
              #elif(FREQ_OSC == 4000000)
*** WARNING C322 IN LINE 35 OF ..\Lib\Delay.c: unknown identifier
                void delay(unsigned int t)
                {
                  unsigned int x,
                  unsigned char y;
                  for (x = 0; x < t ; x ++)
                  {
                    for (y = 0; y < 106; y++);
                  }
                }
              #else
  46            #error "Khong co ham Delay_ms nao tuong ung voi tan so dao dong"
*** ERROR C320 IN LINE 46 OF ..\Lib\Delay.c: "Khong co ham Delay_ms nao tuong ung voi tan so dao dong"
  47          #endif

C51 COMPILATION COMPLETE.  5 WARNING(S),  1 ERROR(S)
