C51 COMPILER V9.60.0.0   MAIN                                                              12/17/2022 17:39:11 PAGE 1   


C51 COMPILER V9.60.0.0, COMPILATION OF MODULE MAIN
OBJECT MODULE PLACED IN .\Objects\main.obj
COMPILER INVOKED BY: C:\Keil_v5\C51\BIN\C51.EXE main.c OPTIMIZE(8,SPEED) BROWSE DEBUG OBJECTEXTEND PRINT(.\Listings\main
                    -.lst) TABS(2) OBJECT(.\Objects\main.obj)

line level    source

   1          #include <REGX52.H>
   2          
   3          unsigned char code Code7seg[] = {0xC0, 0xF9, 0xA4, 0xB0, 0x99, 0x92, 0x82, 0xF8, 0x80, 0x90};
   4          #define led P0
   5          sbit button =  P1^0;
   6          
   7          void delay(unsigned int t)
   8          {
   9   1        unsigned char x,y;
  10   1        for(x =0; x < t; x++)
  11   1        {
  12   2          for(y = 0; y < 123; y++);
  13   2        }
  14   1      }
  15          void main(){
  16   1        random(1, 3);
*** WARNING C206 IN LINE 16 OF main.c: 'random': missing function-prototype
*** ERROR C267 IN LINE 16 OF main.c: 'random': requires ANSI-style prototype
  17   1      }
  18            

C51 COMPILATION COMPLETE.  1 WARNING(S),  1 ERROR(S)
