C51 COMPILER V9.60.0.0   MAIN                                                              12/20/2022 19:22:03 PAGE 1   


C51 COMPILER V9.60.0.0, COMPILATION OF MODULE MAIN
OBJECT MODULE PLACED IN .\Objects\main.obj
COMPILER INVOKED BY: C:\Keil_v5\C51\BIN\C51.EXE main.c OPTIMIZE(8,SPEED) BROWSE DEBUG OBJECTEXTEND PRINT(.\Listings\main
                    -.lst) TABS(2) OBJECT(.\Objects\main.obj)

line level    source

   1          #include"main.h"
   2          #include"..\Lib\Delay.h"
   3          
   4          
   5          int main(){
   6   1        unsigned int dem = 0;
   7   1        unsigned char donvi, chuc, tram, tam;
   8   1        while(1){
   9   2          donvi = dem%10;
  10   2          chuc = (dem%100)/10;
  11   2          tram = dem/100;
  12   2          
  13   2          tam = chuc << 4;
  14   2          tam |= donvi;
  15   2          P2 = tam;
  16   2          P3 = tram;
  17   2          delay(300);
  18   2          
  19   2          dem++;
  20   2          dem %= 1000;
  21   2        }
  22   1        
  23   1      }


MODULE INFORMATION:   STATIC OVERLAYABLE
   CODE SIZE        =    105    ----
   CONSTANT SIZE    =   ----    ----
   XDATA SIZE       =   ----    ----
   PDATA SIZE       =   ----    ----
   DATA SIZE        =   ----       6
   IDATA SIZE       =   ----    ----
   BIT SIZE         =   ----    ----
END OF MODULE INFORMATION.


C51 COMPILATION COMPLETE.  0 WARNING(S),  0 ERROR(S)
