C51 COMPILER V9.01   MAIN                                                                  02/02/2023 18:03:20 PAGE 1   


C51 COMPILER V9.01, COMPILATION OF MODULE MAIN
OBJECT MODULE PLACED IN .\Objects\main.obj
COMPILER INVOKED BY: C:\Keil_v5\C51\BIN\C51.EXE main.c OPTIMIZE(8,SPEED) BROWSE DEBUG OBJECTEXTEND PRINT(.\Listings\main
                    -.lst) TABS(2) OBJECT(.\Objects\main.obj)

line level    source

   1          #include"main.h"
   2          #include"..\Lib\Delay.h"
   3          
   4          
   5          // phat xung clock 38kHz
   6          
   7          void GuiBit(bit b)
   8          {
   9   1        if(b)
  10   1        {
  11   2          TR2 = 1;
  12   2          Delay_ms(1);
  13   2          TR2 = 0;
  14   2          // tat chan P1_0 de tiet kiem nang luong
  15   2          P1_0 = 1;
  16   2          Delay_ms(3);
  17   2          
  18   2        }else
  19   1        {
  20   2          TR2 = 1;
  21   2          Delay_ms(3);
  22   2          TR2 = 0;
  23   2          // tat chan P1_0 de tiet kiem nang luong
  24   2          P1_0 = 1;
  25   2          Delay_ms(1);
  26   2        }
  27   1      }
  28          
  29          void GuiByte(unsigned char b)
  30          {
  31   1        unsigned char i;
  32   1        
  33   1        for(i = 0; i < 8; i++)
  34   1        {
  35   2          GuiBit(b&0x80);
  36   2          b <<= 1;
  37   2        }
  38   1        
  39   1        
  40   1      }
  41          
  42          int main(void)
  43          {
  44   1        unsigned char cnt;
  45   1        
  46   1        T2CON = 0x00;
  47   1        T2MOD = 0x02;
  48   1        
  49   1        RCAP2H = 0xFF;
  50   1        RCAP2L = 0xB1;
  51   1        
  52   1        TH2 = 0xFF;
  53   1        TL2 = 0xB1;
  54   1        
C51 COMPILER V9.01   MAIN                                                                  02/02/2023 18:03:20 PAGE 2   

  55   1        
  56   1        while(1)
  57   1        {
  58   2          GuiByte(cnt);
  59   2          cnt++;
  60   2          Delay_ms(200);
  61   2        }
  62   1        
  63   1      }


MODULE INFORMATION:   STATIC OVERLAYABLE
   CODE SIZE        =    104    ----
   CONSTANT SIZE    =   ----    ----
   XDATA SIZE       =   ----    ----
   PDATA SIZE       =   ----    ----
   DATA SIZE        =   ----       3
   IDATA SIZE       =   ----    ----
   BIT SIZE         =   ----       1
END OF MODULE INFORMATION.


C51 COMPILATION COMPLETE.  0 WARNING(S),  0 ERROR(S)
