C51 COMPILER V9.60.0.0   MAIN                                                              12/22/2022 11:39:07 PAGE 1   


C51 COMPILER V9.60.0.0, COMPILATION OF MODULE MAIN
OBJECT MODULE PLACED IN .\Objects\main.obj
COMPILER INVOKED BY: C:\Keil_v5\C51\BIN\C51.EXE main.c OPTIMIZE(8,SPEED) BROWSE DEBUG OBJECTEXTEND PRINT(.\Listings\main
                    -.lst) TABS(2) OBJECT(.\Objects\main.obj)

line level    source

   1          #include"main.h"
   2          #include"..\Lib\Delay.h"
   3          
   4          //dich 0x56 0101 0110  
   5          sbit shift_clock = P2^0;
   6          sbit latch_clock = P2^2;
   7          sbit serial_data = P2^1;
   8          
   9          void shiftOut(unsigned char *p, unsigned char n)
  10          {
  11   1        unsigned char i, j, b;
  12   1        for(j = 0; j < n; j++)
  13   1        {
  14   2          b = *(p+n-j-1); //Lay byte cao nhat truoc
  15   2        
  16   2          for(i = 0; i < 8; i++)
  17   2          {
  18   3            serial_data = b & (0x80 >> i);
  19   3            
  20   3            shift_clock = 0;
  21   3            shift_clock = 1;
  22   3          }
  23   2        }
  24   1        latch_clock = 0;
  25   1        latch_clock = 1;
  26   1      }
  27          
  28          void main()
  29          {
  30   1        // shiftOut(0x56);
  31   1        unsigned char buffer[2], i;
  32   1        while(1)
  33   1        { 
  34   2          for(i = 0; i < 2; i++)
  35   2          {
  36   3            buffer[i] = 0;
  37   3          }
  38   2          shiftOut(buffer, 2);
  39   2          delay(500);
  40   2          
  41   2          for(i =0; i < 2; i++)
  42   2          {
  43   3            buffer[i] = 0xff;
  44   3          }
  45   2          shiftOut(buffer, 2);
  46   2          delay(500);
  47   2        }
  48   1      }


MODULE INFORMATION:   STATIC OVERLAYABLE
   CODE SIZE        =    175    ----
   CONSTANT SIZE    =   ----    ----
   XDATA SIZE       =   ----    ----
C51 COMPILER V9.60.0.0   MAIN                                                              12/22/2022 11:39:07 PAGE 2   

   PDATA SIZE       =   ----    ----
   DATA SIZE        =   ----       7
   IDATA SIZE       =   ----    ----
   BIT SIZE         =   ----    ----
END OF MODULE INFORMATION.


C51 COMPILATION COMPLETE.  0 WARNING(S),  0 ERROR(S)
