C51 COMPILER V9.01   DELAY                                                                 01/24/2023 20:11:29 PAGE 1   


C51 COMPILER V9.01, COMPILATION OF MODULE DELAY
OBJECT MODULE PLACED IN .\Objects\Delay.obj
COMPILER INVOKED BY: C:\Keil_v5\C51\BIN\C51.EXE ..\Lib\Delay.c OMF2 OPTIMIZE(8,SPEED) BROWSE DEBUG PRINT(.\Listings\Dela
                    -y.lst) TABS(2) OBJECT(.\Objects\Delay.obj)

line level    source

   1          #include "Delay.h"
   2          #include "main.h"
   3          
   4          #if(FREQ_OSC == 12000000) 
                void Delay_ms(unsigned int t)
                {
                  unsigned int x, y;
                  for (x = 0; x < t ; x ++)
                  {
                    for (y = 0; y < 123; y++);                            
                  }
                }
                
              #elif(FREQ_OSC == 11059200)
  15            void Delay_ms(unsigned int t)
  16            { 
  17   1          unsigned int x, y;
  18   1          for (x = 0; x < t ; x ++)
  19   1          {
  20   2            for (y = 0; y < 113; y++);
  21   2          }
  22   1        }
  23          
  24          #elif(FREQ_OSC == 8000000)
                void Delay_ms(unsigned int t)
                {
                  unsigned int x,
                  unsigned char y;
                  for (x = 0; x < t ; x ++)
                  {
                    for (y = 0; y < 218; y++);
                  }
                }
                
              #elif(FREQ_OSC == 4000000)
                void Delay_ms(unsigned int t)
                {
                  unsigned int x,
                  unsigned char y;
                  for (x = 0; x < t ; x ++)
                  {
                    for (y = 0; y < 106; y++);
                  }
                }
              #else
                #error "Khong co ham Delay_ms nao tuong ung voi tan so dao dong"
              #endif


MODULE INFORMATION:   STATIC OVERLAYABLE
   CODE SIZE        =     32    ----
   CONSTANT SIZE    =   ----    ----
   XDATA SIZE       =   ----    ----
   PDATA SIZE       =   ----    ----
C51 COMPILER V9.01   DELAY                                                                 01/24/2023 20:11:29 PAGE 2   

   DATA SIZE        =   ----    ----
   IDATA SIZE       =   ----    ----
   BIT SIZE         =   ----    ----
   EDATA SIZE       =   ----    ----
   HDATA SIZE       =   ----    ----
   XDATA CONST SIZE =   ----    ----
   FAR CONST SIZE   =   ----    ----
END OF MODULE INFORMATION.


C51 COMPILATION COMPLETE.  0 WARNING(S),  0 ERROR(S)
