C51 COMPILER V9.01   MAIN                                                                  01/24/2023 20:11:29 PAGE 1   


C51 COMPILER V9.01, COMPILATION OF MODULE MAIN
OBJECT MODULE PLACED IN .\Objects\main.obj
COMPILER INVOKED BY: C:\Keil_v5\C51\BIN\C51.EXE main.c OMF2 OPTIMIZE(8,SPEED) BROWSE DEBUG PRINT(.\Listings\main.lst) TA
                    -BS(2) OBJECT(.\Objects\main.obj)

line level    source

   1          #include"main.h"
   2          #include"..\Lib\Delay.h"
   3          #include"..\Lib\Uart_Mode1.h"
   4          
   5          sbit BNT_ON = P1^0;
   6          sbit BNT_OFF = P1^1;
   7          
   8          void main(void)
   9          {
  10   1        Uart_Init();
  11   1        
  12   1        while(1)
  13   1        {
  14   2          if(BNT_ON == 0)
  15   2          {
  16   3            Delay_ms(20);
  17   3            Uart_Send(0x01);
  18   3            while(BNT_ON == 0);
  19   3          }
  20   2          
  21   2          if(BNT_OFF == 0)
  22   2          {
  23   3            Delay_ms(20);
  24   3            Uart_Send(0x00);
  25   3            while(BNT_OFF == 0);
  26   3          }
  27   2        }
  28   1        
  29   1      }


MODULE INFORMATION:   STATIC OVERLAYABLE
   CODE SIZE        =     41    ----
   CONSTANT SIZE    =   ----    ----
   XDATA SIZE       =   ----    ----
   PDATA SIZE       =   ----    ----
   DATA SIZE        =   ----    ----
   IDATA SIZE       =   ----    ----
   BIT SIZE         =   ----    ----
   EDATA SIZE       =   ----    ----
   HDATA SIZE       =   ----    ----
   XDATA CONST SIZE =   ----    ----
   FAR CONST SIZE   =   ----    ----
END OF MODULE INFORMATION.


C51 COMPILATION COMPLETE.  0 WARNING(S),  0 ERROR(S)
