C51 COMPILER V9.60.0.0   8LED                                                              12/14/2022 21:37:28 PAGE 1   


C51 COMPILER V9.60.0.0, COMPILATION OF MODULE 8LED
OBJECT MODULE PLACED IN .\Objects\8led.obj
COMPILER INVOKED BY: C:\Keil_v5\C51\BIN\C51.EXE 8led.c OPTIMIZE(8,SPEED) BROWSE DEBUG OBJECTEXTEND PRINT(.\Listings\8led
                    -.lst) TABS(2) OBJECT(.\Objects\8led.obj)

line level    source

   1          #include"main.h"
   2          #include"..\Lib\Delay.h"
   3          
   4          #define LED_PORT P2
   5          
   6          void SangDanTatDan8LED()
   7          {
   8   1        unsigned char i;
   9   1        LED_PORT = 0x00;
  10   1        
  11   1        for(i = 0; i < 8; i++)
  12   1        {
  13   2           LED_PORT = (LED_PORT << 1) | 0x01;
  14   2           Delay_ms(200);
  15   2        }
  16   1        LED_PORT = 0x00;
  17   1        for(i =0 ; i < 8 ; i++)
  18   1        {
  19   2          LED_PORT = (LED_PORT >> 1) | 0x80;
  20   2          Delay_ms(200);
  21   2        }
  22   1      }
  23          /// 1010// 0101
  24          void ChopTatXenKe()
  25          {
  26   1        unsigned char i;
  27   1        for(i = 0; i < 7; i++)
  28   1        {
  29   2          LED_PORT = 0xAA;
  30   2          Delay_ms(200);
  31   2          LED_PORT = 0x55;
  32   2          Delay_ms(200);
  33   2        }
  34   1      }
  35          
  36          
  37          
  38          void main()
  39          {
  40   1        
  41   1        while(1)
  42   1        {
  43   2          SangDanTatDan8LED();  
  44   2          ChopTatXenKe();
  45   2        }
  46   1      }
  47          


MODULE INFORMATION:   STATIC OVERLAYABLE
   CODE SIZE        =    118    ----
   CONSTANT SIZE    =   ----    ----
   XDATA SIZE       =   ----    ----
   PDATA SIZE       =   ----    ----
C51 COMPILER V9.60.0.0   8LED                                                              12/14/2022 21:37:28 PAGE 2   

   DATA SIZE        =   ----       2
   IDATA SIZE       =   ----    ----
   BIT SIZE         =   ----    ----
END OF MODULE INFORMATION.


C51 COMPILATION COMPLETE.  0 WARNING(S),  0 ERROR(S)
