C51 COMPILER V9.60.0.0   BUTTON                                                            12/15/2022 09:20:03 PAGE 1   


C51 COMPILER V9.60.0.0, COMPILATION OF MODULE BUTTON
OBJECT MODULE PLACED IN .\Objects\button.obj
COMPILER INVOKED BY: C:\Keil_v5\C51\BIN\C51.EXE button.c OPTIMIZE(8,SPEED) BROWSE DEBUG OBJECTEXTEND PRINT(.\Listings\bu
                    -tton.lst) TABS(2) OBJECT(.\Objects\button.obj)

line level    source

   1          #include"main.h"
   2          #include"port.h"
   3          #include "..\Lib\Delay.h"
   4          //Chong doi phim
   5          
   6          unsigned char QuetPhimTrongDelay(){
   7   1        unsigned char i;
   8   1        for (i = 0; i <100; i++){
   9   2          Delay_ms(10);
  10   2          if(button_off == 0)
  11   2          {
  12   3            led = 0x00;
  13   3            return 1;//nhan phim stop
  14   3          }
  15   2        }
  16   1        return 0;
  17   1      }
  18          
  19          
  20          void main(){
  21   1        led = 0x00;
  22   1        while(1)
  23   1          {
  24   2            if(button_on == 0)
  25   2            {
  26   3              while(1)
  27   3              {
  28   4                  led = ~led;
  29   4                  if(QuetPhimTrongDelay())
  30   4                  {
  31   5                    break;
  32   5                  }
  33   4              }
  34   3            }
  35   2          }
  36   1      }
  37          


MODULE INFORMATION:   STATIC OVERLAYABLE
   CODE SIZE        =     54    ----
   CONSTANT SIZE    =   ----    ----
   XDATA SIZE       =   ----    ----
   PDATA SIZE       =   ----    ----
   DATA SIZE        =   ----       1
   IDATA SIZE       =   ----    ----
   BIT SIZE         =   ----    ----
END OF MODULE INFORMATION.


C51 COMPILATION COMPLETE.  0 WARNING(S),  0 ERROR(S)
