C51 COMPILER V9.01   MAIN                                                                  01/18/2023 20:39:47 PAGE 1   


C51 COMPILER V9.01, COMPILATION OF MODULE MAIN
OBJECT MODULE PLACED IN .\Objects\main.obj
COMPILER INVOKED BY: C:\Keil_v5\C51\BIN\C51.EXE main.c OPTIMIZE(8,SPEED) BROWSE DEBUG OBJECTEXTEND PRINT(.\Listings\main
                    -.lst) TABS(2) OBJECT(.\Objects\main.obj)

line level    source

   1          #include"main.h"
   2          #include"..\Lib\Delay.h"
   3          
   4          /* -----------------------------
   5              UART Che do mode 0
   6              application: mo rong ngo ra 
   7            ----------------------------------- */
   8          sbit Pin_Clock = P3^2;
   9          
  10          void Uart_Write_Data(unsigned char dat)
  11          {
  12   1        SBUF = dat;
  13   1        
  14   1        while( TI == 0 );
  15   1        TI = 0;
  16   1        
  17   1        Pin_Clock = 0;
  18   1        Pin_Clock = 1;
  19   1      }
  20          
  21          
  22          int main(void)
  23          {
  24   1        /* CHE DO 0 */
  25   1        unsigned char i, j,b;
  26   1        SM0 = SM1 = 0;
  27   1        while(1)
  28   1        {
  29   2          for(i = 0; i < 5; i++)
  30   2          {
  31   3            Uart_Write_Data(0xff);
  32   3            Delay_ms(300);
  33   3            Uart_Write_Data(0x00);
  34   3            Delay_ms(400);
  35   3          }
  36   2          for(j = 0; j < 5; j++)
  37   2          {
  38   3            Uart_Write_Data(0xAA);//1010
  39   3            Delay_ms(300);
  40   3            Uart_Write_Data(0x55);//0101
  41   3            Delay_ms(300);
  42   3          }
  43   2          for(j = 0; j < 8; j++)
  44   2          {
  45   3            b = 0x01;
  46   3            b <<= j;
  47   3            Uart_Write_Data(b);//1010
  48   3            Delay_ms(300);
  49   3          }
  50   2          for(j = 0; j < 8; j++)
  51   2          {
  52   3            b = 0x80;
  53   3            b >>= j;
  54   3            Uart_Write_Data(b);//1010
C51 COMPILER V9.01   MAIN                                                                  01/18/2023 20:39:47 PAGE 2   

  55   3            Delay_ms(300);
  56   3          }
  57   2          for(j = 0; j < 8; j++)
  58   2          {
  59   3            b = (b << 1) | 0x01;
  60   3            Uart_Write_Data(b);//1010
  61   3            Delay_ms(300);
  62   3          }
  63   2          b = 0;
  64   2          for(j = 0; j < 8; j++)
  65   2          {
  66   3            b = (b >> 1) | 0x80;
  67   3            Uart_Write_Data(b);//1010
  68   3            Delay_ms(300);
  69   3          }
  70   2          
  71   2        }
  72   1        
  73   1      }
  74          
  75          
  76          
  77          // 0000 0000 >>>> 0000 0001


MODULE INFORMATION:   STATIC OVERLAYABLE
   CODE SIZE        =    236    ----
   CONSTANT SIZE    =   ----    ----
   XDATA SIZE       =   ----    ----
   PDATA SIZE       =   ----    ----
   DATA SIZE        =   ----       3
   IDATA SIZE       =   ----    ----
   BIT SIZE         =   ----    ----
END OF MODULE INFORMATION.


C51 COMPILATION COMPLETE.  0 WARNING(S),  0 ERROR(S)
