C51 COMPILER V9.01   MAIN                                                                  02/01/2023 22:08:04 PAGE 1   


C51 COMPILER V9.01, COMPILATION OF MODULE MAIN
OBJECT MODULE PLACED IN .\Objects\main.obj
COMPILER INVOKED BY: C:\Keil_v5\C51\BIN\C51.EXE main.c OPTIMIZE(8,SPEED) BROWSE DEBUG OBJECTEXTEND PRINT(.\Listings\main
                    -.lst) TABS(2) OBJECT(.\Objects\main.obj)

line level    source

   1          #include"main.h"
   2           // tao xung 1kHz
   3           
   4          
   5          int main(void)
   6          {
   7   1        /*
   8   1        T2CON = 0x00;
   9   1        T2MOD = 0X02;
  10   1        //Tao tan so 1kHz
  11   1        RCAP2H = 0xF4;
  12   1        RCAP2L = 0x48;
  13   1        
  14   1        TR2 = 1;
  15   1        */
  16   1        // tao xung thu phat hong ngo?i 38khz
  17   1        T2CON = 0x00;
  18   1        T2MOD = 0X02;
  19   1        //Tao tan so 1kHz
  20   1        RCAP2H = 0xFF;
  21   1        RCAP2L = 0xB1;
  22   1        
  23   1        TH2 = 0xFF;
  24   1        TL2 = 0xB1;
  25   1        
  26   1        TR2 = 1;
  27   1        
  28   1        while(1)
  29   1        {
  30   2          
  31   2          
  32   2        }
  33   1        
  34   1      }


MODULE INFORMATION:   STATIC OVERLAYABLE
   CODE SIZE        =     22    ----
   CONSTANT SIZE    =   ----    ----
   XDATA SIZE       =   ----    ----
   PDATA SIZE       =   ----    ----
   DATA SIZE        =   ----    ----
   IDATA SIZE       =   ----    ----
   BIT SIZE         =   ----    ----
END OF MODULE INFORMATION.


C51 COMPILATION COMPLETE.  0 WARNING(S),  0 ERROR(S)
