C51 COMPILER V9.60.0.0   MAIN                                                              12/22/2022 14:45:32 PAGE 1   


C51 COMPILER V9.60.0.0, COMPILATION OF MODULE MAIN
OBJECT MODULE PLACED IN .\Objects\main.obj
COMPILER INVOKED BY: C:\Keil_v5\C51\BIN\C51.EXE main.c OPTIMIZE(8,SPEED) BROWSE DEBUG OBJECTEXTEND PRINT(.\Listings\main
                    -.lst) TABS(2) OBJECT(.\Objects\main.obj)

line level    source

   1          #include"main.h"
   2          #include"..\Lib\Delay.h"
   3          #include"..\Lib\74hc595.h"
   4          
   5          void main()
   6          {
   7   1        unsigned char buffer[2];
   8   1        unsigned char i, j;
   9   1        while(1)
  10   1        {
  11   2          for(i = 0; i < 2; i++)
  12   2          {
  13   3            for(j = 0; j < 8;j++)
  14   3            {
  15   4              buffer[i] = (buffer[i]<<1)|0x01;
  16   4              ShiftOut(buffer, 2);
  17   4              delay(500);
  18   4            }
  19   3          }
  20   2        }
  21   1      }


MODULE INFORMATION:   STATIC OVERLAYABLE
   CODE SIZE        =     72    ----
   CONSTANT SIZE    =   ----    ----
   XDATA SIZE       =   ----    ----
   PDATA SIZE       =   ----    ----
   DATA SIZE        =   ----       4
   IDATA SIZE       =   ----    ----
   BIT SIZE         =   ----    ----
END OF MODULE INFORMATION.


C51 COMPILATION COMPLETE.  0 WARNING(S),  0 ERROR(S)
