C51 COMPILER V9.01   MAIN                                                                  01/26/2023 20:00:03 PAGE 1   


C51 COMPILER V9.01, COMPILATION OF MODULE MAIN
OBJECT MODULE PLACED IN .\Objects\main.obj
COMPILER INVOKED BY: C:\Keil_v5\C51\BIN\C51.EXE main.c OPTIMIZE(8,SPEED) BROWSE DEBUG OBJECTEXTEND PRINT(.\Listings\main
                    -.lst) TABS(2) OBJECT(.\Objects\main.obj)

line level    source

   1          #include <main.h>
   2          
   3          
   4          /* Khoi tao timer0 Mode 1*/
   5          /* Thoi gian tran 1ms */
   6          
   7          sbit led = P2^0;
   8          
   9          
  10          void Delay_ms_Timer0Mode1(unsigned int t)
  11          {
  12   1        do
  13   1        {
  14   2          TL0 = 0x18;
  15   2          TH0 = 0xFC;
  16   2          TR0 = 1;
  17   2          while(!TF0);
  18   2          TR0 = 0;
  19   2          TF0 = 0;
  20   2          t--;
  21   2        }
  22   1        while(t != 0);
  23   1        
  24   1      }
  25          
  26          void main(void)
  27          {
  28   1        
  29   1        /* chon mode 1 16 bit */
  30   1        TMOD &= 0xF0;
  31   1        TMOD |= 0x01;
  32   1        
  33   1        while(1)
  34   1        {
  35   2          
  36   2          led = !led;
  37   2          Delay_ms_Timer0Mode1(1000);
  38   2          
  39   2        }
  40   1        
  41   1      }


MODULE INFORMATION:   STATIC OVERLAYABLE
   CODE SIZE        =     42    ----
   CONSTANT SIZE    =   ----    ----
   XDATA SIZE       =   ----    ----
   PDATA SIZE       =   ----    ----
   DATA SIZE        =   ----    ----
   IDATA SIZE       =   ----    ----
   BIT SIZE         =   ----    ----
END OF MODULE INFORMATION.


C51 COMPILATION COMPLETE.  0 WARNING(S),  0 ERROR(S)
