C51 COMPILER V9.60.0.0   MAIN                                                              12/04/2022 18:19:25 PAGE 1   


C51 COMPILER V9.60.0.0, COMPILATION OF MODULE MAIN
OBJECT MODULE PLACED IN .\Objects\main.obj
COMPILER INVOKED BY: C:\Keil_v5\C51\BIN\C51.EXE main.c OPTIMIZE(8,SPEED) BROWSE DEBUG OBJECTEXTEND PRINT(.\Listings\main
                    -.lst) TABS(2) OBJECT(.\Objects\main.obj)

line level    source

   1          #include<REGX52.h>
   2          
   3          delay(unsigned int t)
   4          {
   5   1        unsigned int x, y;
   6   1        for(x =0 ; x < t; x++)
   7   1        {
   8   2          for(y = 0; y < 123 ; y ++);
   9   2        }
  10   1      }
  11          
  12          
  13          void main()
  14          {
  15   1        unsigned char a , i;//8bit
  16   1        signed char b;//8bit co dau
  17   1        
  18   1        while(1)
  19   1        {
  20   2          b = 0x80;//1000 0000
  21   2          P0 = b;
  22   2          for(i = 0 ; i < 8 ; i ++)
  23   2          {
  24   3            delay(500);
  25   3            b = b >> 1;
  26   3            P0 = b;
  27   3          }
  28   2        }
  29   1        
  30   1      }
*** WARNING C280 IN LINE 15 OF main.c: 'a': unreferenced local variable
*** WARNING C290 IN LINE 10 OF main.c: missing return value


MODULE INFORMATION:   STATIC OVERLAYABLE
   CODE SIZE        =     69    ----
   CONSTANT SIZE    =   ----    ----
   XDATA SIZE       =   ----    ----
   PDATA SIZE       =   ----    ----
   DATA SIZE        =   ----       2
   IDATA SIZE       =   ----    ----
   BIT SIZE         =   ----    ----
END OF MODULE INFORMATION.


C51 COMPILATION COMPLETE.  2 WARNING(S),  0 ERROR(S)
