C51 COMPILER V9.01   MAIN                                                                  02/09/2023 09:22:33 PAGE 1   


C51 COMPILER V9.01, COMPILATION OF MODULE MAIN
OBJECT MODULE PLACED IN .\Objects\main.obj
COMPILER INVOKED BY: C:\Keil_v5\C51\BIN\C51.EXE main.c OPTIMIZE(8,SPEED) BROWSE DEBUG OBJECTEXTEND PRINT(.\Listings\main
                    -.lst) TABS(2) OBJECT(.\Objects\main.obj)

line level    source

   1          #include <main.h>
   2          #include "..\Lib\Delay.h"
   3                           
   4          #define DS18B20_SKIP_ROM      0xCC
   5          #define DS18B20_CONVERT_T     0x44
   6          #define DS18B20_READ_SCRATCHPAD 0xBE  
   7          
   8          sbit DS18B20_PIN = P1^0;
   9          
  10          unsigned char code Code7Seg[] = {0xC0, 0xF9, 0xA4, 0xB0, 0x99, 0x92, 0x82, 0xF8, 0x80, 0x90};
  11          
  12          void T0_Delay_us(unsigned int t)
  13          {
  14   1        unsigned int load_value;
  15   1      
  16   1        load_value = 65536 - t;
  17   1        TH0 = load_value >> 8;
  18   1        TL0 = load_value & 0x00FF;
  19   1        TR0 = 1;
  20   1        while(!TF0);
  21   1        TR0 = 0;
  22   1        TF0 = 0;
  23   1      }
  24          
  25          
  26          
  27          // Return 0: Ok
  28          // Return 1: FAIL
  29          unsigned char DS18B20_Reset()
  30          {
  31   1        unsigned char result;
  32   1      
  33   1        DS18B20_PIN = 0;
  34   1        T0_Delay_us(480);
  35   1        
  36   1        DS18B20_PIN = 1;
  37   1        T0_Delay_us(70);
  38   1        
  39   1        result = DS18B20_PIN;
  40   1      
  41   1        T0_Delay_us(410);
  42   1      
  43   1        return result;
  44   1      }
  45          
  46          void DS18B20_Write1()
  47          {
  48   1        DS18B20_PIN = 0;
  49   1        T0_Delay_us(6);
  50   1      
  51   1        DS18B20_PIN = 1;
  52   1        T0_Delay_us(64);
  53   1      }
  54          
C51 COMPILER V9.01   MAIN                                                                  02/09/2023 09:22:33 PAGE 2   

  55          void DS18B20_Write0()
  56          {
  57   1        DS18B20_PIN = 0;
  58   1        T0_Delay_us(60);
  59   1      
  60   1        DS18B20_PIN = 1;
  61   1        T0_Delay_us(10);  
  62   1      }
  63          
  64          void DS18B20_Write_Bit(unsigned char b)
  65          {
  66   1        if(b == 1)
  67   1        {
  68   2          DS18B20_Write1();
  69   2        }
  70   1        else
  71   1        {
  72   2          DS18B20_Write0();
  73   2        }
  74   1      }
  75          
  76          unsigned char DS18B20_Read_Bit()
  77          {
  78   1        unsigned char result;
  79   1      
  80   1        DS18B20_PIN = 0;
  81   1        T0_Delay_us(6);
  82   1      
  83   1        DS18B20_PIN = 1;
  84   1        T0_Delay_us(9);
  85   1      
  86   1        result = DS18B20_PIN;
  87   1        T0_Delay_us(55);
  88   1      
  89   1        return result;
  90   1      }
  91          
  92          void DS18B20_Write_Byte(unsigned char b)
  93          {
  94   1        unsigned char i = 8;
  95   1      
  96   1        while(i--)
  97   1        {
  98   2          DS18B20_Write_Bit(b & 0x01);
  99   2          b >>= 1;
 100   2        }
 101   1      }
 102          
 103          unsigned char DS18B20_Read_Byte()
 104          {
 105   1        unsigned char i = 8, result = 0;
 106   1      
 107   1        while(i--)
 108   1        {
 109   2          result >>= 1;
 110   2          result |= (DS18B20_Read_Bit()<<7);    
 111   2        }
 112   1          
 113   1        return result;
 114   1      }
 115          
 116          
C51 COMPILER V9.01   MAIN                                                                  02/09/2023 09:22:33 PAGE 3   

 117          
 118          void main()
 119          {
 120   1        unsigned int temp;
 121   1        unsigned char int_part, decimal_part;
 122   1        unsigned char chuc, dvi;
 123   1      
 124   1        TMOD |= 0x01;     // Timer0 hoat dong o che do 1 (dinh thoi, 16 bit)
 125   1      
 126   1        while(1)
 127   1        {
 128   2          while(DS18B20_Reset());
 129   2          DS18B20_Write_Byte(DS18B20_SKIP_ROM);
 130   2          DS18B20_Write_Byte(DS18B20_CONVERT_T);
 131   2      
 132   2          Delay_ms(750);
 133   2      
 134   2          while(DS18B20_Reset());
 135   2          DS18B20_Write_Byte(DS18B20_SKIP_ROM);
 136   2          DS18B20_Write_Byte(DS18B20_READ_SCRATCHPAD);
 137   2      
 138   2          temp = DS18B20_Read_Byte();
 139   2          temp = (DS18B20_Read_Byte() << 8) | temp;
 140   2      
 141   2          int_part = temp >> 4;
 142   2          chuc = int_part / 10;
 143   2          dvi = int_part % 10;
 144   2          
 145   2          decimal_part = temp & 0x000F;
 146   2          decimal_part = decimal_part*10/16;        // Lay con so dau tien cua phan thap phan
 147   2      
 148   2            P0 = Code7Seg[chuc];
 149   2          P2 = Code7Seg[dvi];
 150   2          P3 = Code7Seg[decimal_part];
 151   2        }
 152   1      }


MODULE INFORMATION:   STATIC OVERLAYABLE
   CODE SIZE        =    295    ----
   CONSTANT SIZE    =     10    ----
   XDATA SIZE       =   ----    ----
   PDATA SIZE       =   ----    ----
   DATA SIZE        =   ----       2
   IDATA SIZE       =   ----    ----
   BIT SIZE         =   ----    ----
END OF MODULE INFORMATION.


C51 COMPILATION COMPLETE.  0 WARNING(S),  0 ERROR(S)
