C51 COMPILER V9.01   MAIN                                                                  01/24/2023 21:05:58 PAGE 1   


C51 COMPILER V9.01, COMPILATION OF MODULE MAIN
OBJECT MODULE PLACED IN .\Objects\main.obj
COMPILER INVOKED BY: C:\Keil_v5\C51\BIN\C51.EXE main.c OMF2 OPTIMIZE(8,SPEED) BROWSE DEBUG PRINT(.\Listings\main.lst) TA
                    -BS(2) OBJECT(.\Objects\main.obj)

line level    source

   1          #include"main.h"
   2          #include"stdio.h"
   3          #include"..\Lib\Uart_Mode1.h"
   4          
   5          
   6          void main()
   7          {
   8   1        char c;
   9   1        
  10   1        Uart_Init();
  11   1        
  12   1        putchar('A');  //Gui 1 ky tu ra cong UART
  13   1        
  14   1        
  15   1        
  16   1        while(1)
  17   1        {
  18   2          
  19   2          c = _getkey(); // cho nhan dc du lieu 
  20   2          putchar(c);
  21   2        }
  22   1      
  23   1      }


MODULE INFORMATION:   STATIC OVERLAYABLE
   CODE SIZE        =     18    ----
   CONSTANT SIZE    =   ----    ----
   XDATA SIZE       =   ----    ----
   PDATA SIZE       =   ----    ----
   DATA SIZE        =   ----       1
   IDATA SIZE       =   ----    ----
   BIT SIZE         =   ----    ----
   EDATA SIZE       =   ----    ----
   HDATA SIZE       =   ----    ----
   XDATA CONST SIZE =   ----    ----
   FAR CONST SIZE   =   ----    ----
END OF MODULE INFORMATION.


C51 COMPILATION COMPLETE.  0 WARNING(S),  0 ERROR(S)
