C51 COMPILER V9.01   MAIN                                                                  05/16/2022 07:51:46 PAGE 1   


C51 COMPILER V9.01, COMPILATION OF MODULE MAIN
OBJECT MODULE PLACED IN main.OBJ
COMPILER INVOKED BY: D:\Keil\C51\BIN\C51.EXE main.c BROWSE DEBUG OBJECTEXTEND

line level    source

   1          #include <regx52.h>
   2          sbit Motion_detection=P0^0;
   3          sbit LED=P1^0;          
   4          void MSdelay(unsigned int val);
   5          void main(void) 
   6          {
   7   1              LED=0;                  
   8   1              
   9   1                      
  10   1          while(1)
  11   1          {
  12   2             LED=!LED;
  13   2                 MSdelay(1000);               
  14   2          }
  15   1      }
  16          void MSdelay(unsigned int val)
  17          {
  18   1           unsigned int i,j;
  19   1              for(i=0;i<=val;i++)
  20   1                  for(j=0;j<112;j++);      
  21   1       }


MODULE INFORMATION:   STATIC OVERLAYABLE
   CODE SIZE        =     45    ----
   CONSTANT SIZE    =   ----    ----
   XDATA SIZE       =   ----    ----
   PDATA SIZE       =   ----    ----
   DATA SIZE        =   ----    ----
   IDATA SIZE       =   ----    ----
   BIT SIZE         =   ----    ----
END OF MODULE INFORMATION.


C51 COMPILATION COMPLETE.  0 WARNING(S),  0 ERROR(S)
