C51 COMPILER V9.01   MAIN                                                                  02/03/2023 22:52:21 PAGE 1   


C51 COMPILER V9.01, COMPILATION OF MODULE MAIN
OBJECT MODULE PLACED IN .\Objects\main.obj
COMPILER INVOKED BY: C:\Keil_v5\C51\BIN\C51.EXE main.c OPTIMIZE(8,SPEED) BROWSE DEBUG OBJECTEXTEND PRINT(.\Listings\main
                    -.lst) TABS(2) OBJECT(.\Objects\main.obj)

line level    source

   1          #include"main.h"
   2          #include"../Lib/Delay.h"
   3          
   4          
   5          
   6          int main()
   7          {
   8   1        unsigned char cnt = 0;
   9   1        while(1)
  10   1        {
  11   2          do
  12   2          {
  13   3            cnt++;
  14   3            P2 = cnt;
  15   3            Delay_ms(10);
  16   3          }
  17   2          while(cnt != 255);
  18   2          
  19   2          do
  20   2          {
  21   3            cnt--;
  22   3            P2 = cnt;
  23   3            Delay_ms(10);
  24   3          }
  25   2          while(cnt != 0);
  26   2        }
  27   1        
  28   1      }


MODULE INFORMATION:   STATIC OVERLAYABLE
   CODE SIZE        =     38    ----
   CONSTANT SIZE    =   ----    ----
   XDATA SIZE       =   ----    ----
   PDATA SIZE       =   ----    ----
   DATA SIZE        =   ----       1
   IDATA SIZE       =   ----    ----
   BIT SIZE         =   ----    ----
END OF MODULE INFORMATION.


C51 COMPILATION COMPLETE.  0 WARNING(S),  0 ERROR(S)
