C51 COMPILER V9.01   SPI                                                                   02/07/2023 16:52:21 PAGE 1   


C51 COMPILER V9.01, COMPILATION OF MODULE SPI
OBJECT MODULE PLACED IN .\Objects\SPI.obj
COMPILER INVOKED BY: C:\Keil_v5\C51\BIN\C51.EXE ..\Lib\SPI.c OPTIMIZE(8,SPEED) BROWSE DEBUG OBJECTEXTEND PRINT(.\Listing
                    -s\SPI.lst) TABS(2) OBJECT(.\Objects\SPI.obj)

line level    source

   1          #include"main.h"
   2          #include"SPI.h"
   3          
   4          sbit SPI_SCLK = P2^0;
   5          sbit SPI_MOSI = P2^1;
   6          sbit SPI_MISO = P2^2;
   7          sbit SPI_CS = P2^3;
   8          
   9          void Soft_SPI_Init()
  10          {
  11   1        SPI_CS = 1;
  12   1        SPI_SCLK = 0; 
  13   1        SPI_MISO = 1;
  14   1      
  15   1      }
  16          
  17          void Soft_SPI_Write(unsigned char b)
  18          {
  19   1        unsigned char i;
  20   1        
  21   1        for(i=0; i < 8; i++)
  22   1        {
  23   2          if(b&0x80 != 0)
  24   2            SPI_MOSI = 1;
  25   2          else
  26   2            SPI_MOSI = 0;
  27   2          
  28   2          SPI_SCLK = 1;
  29   2          SPI_SCLK = 0;
  30   2          b <<= 1;
  31   2        }
  32   1      }
  33          
  34          unsigned char Soft_SPI_Read()
  35          {
  36   1        unsigned char i, b;
  37   1        
  38   1        for(i = 0; i < 8; i++)
  39   1        {
  40   2          b <<= 1;
  41   2          SPI_SCLK = 1;
  42   2          if(SPI_MISO)
  43   2            b |= 0x01;
  44   2          SPI_SCLK = 0;
  45   2          
  46   2        }
  47   1        
  48   1        return b;
  49   1      }


MODULE INFORMATION:   STATIC OVERLAYABLE
   CODE SIZE        =     53    ----
   CONSTANT SIZE    =   ----    ----
C51 COMPILER V9.01   SPI                                                                   02/07/2023 16:52:21 PAGE 2   

   XDATA SIZE       =   ----    ----
   PDATA SIZE       =   ----    ----
   DATA SIZE        =   ----    ----
   IDATA SIZE       =   ----    ----
   BIT SIZE         =   ----    ----
END OF MODULE INFORMATION.


C51 COMPILATION COMPLETE.  0 WARNING(S),  0 ERROR(S)
