C51 COMPILER V9.01   MAIN                                                                  01/24/2023 20:19:47 PAGE 1   


C51 COMPILER V9.01, COMPILATION OF MODULE MAIN
OBJECT MODULE PLACED IN .\Objects\main.obj
COMPILER INVOKED BY: C:\Keil_v5\C51\BIN\C51.EXE main.c OMF2 OPTIMIZE(8,SPEED) BROWSE DEBUG PRINT(.\Listings\main.lst) TA
                    -BS(2) OBJECT(.\Objects\main.obj)

line level    source

   1          #include"main.h"
   2          #include"..\Lib\Uart_Mode1.h"
   3          #include"..\Lib\Delay.h"
   4          
   5          sbit led = P1^0;
   6          
   7          void main(void)
   8          {
   9   1        led = 0;
  10   1        
  11   1        Uart_Init();
  12   1        
  13   1        while(1)
  14   1        {
  15   2          if(Uart_Data_Ready() == 1)
  16   2          {
  17   3            if(Uart_Read() == 0x01)
  18   3              led = 1;
  19   3            if(Uart_Read() == 0x00)
  20   3              led = 0;
  21   3          }
  22   2        }
  23   1        
  24   1      }


MODULE INFORMATION:   STATIC OVERLAYABLE
   CODE SIZE        =     29    ----
   CONSTANT SIZE    =   ----    ----
   XDATA SIZE       =   ----    ----
   PDATA SIZE       =   ----    ----
   DATA SIZE        =   ----    ----
   IDATA SIZE       =   ----    ----
   BIT SIZE         =   ----    ----
   EDATA SIZE       =   ----    ----
   HDATA SIZE       =   ----    ----
   XDATA CONST SIZE =   ----    ----
   FAR CONST SIZE   =   ----    ----
END OF MODULE INFORMATION.


C51 COMPILATION COMPLETE.  0 WARNING(S),  0 ERROR(S)
