C51 COMPILER V9.01   UART_MODE1                                                            01/24/2023 20:19:47 PAGE 1   


C51 COMPILER V9.01, COMPILATION OF MODULE UART_MODE1
OBJECT MODULE PLACED IN .\Objects\Uart_Mode1.obj
COMPILER INVOKED BY: C:\Keil_v5\C51\BIN\C51.EXE ..\Lib\Uart_Mode1.c OMF2 OPTIMIZE(8,SPEED) BROWSE DEBUG PRINT(.\Listings
                    -\Uart_Mode1.lst) TABS(2) OBJECT(.\Objects\Uart_Mode1.obj)

line level    source

   1          #include"main.h"
   2          #include"..\Lib\Uart_Mode1.h"
   3          
   4          #if(FREQ_OSC != 11059200)
                #error "Thu vien UartMode1 chi ho tro toc do tan so 11059200"
              #endif
   7          
   8          void Uart_Init()
   9          {
  10   1        SM0 = 0;  SM1 = 1;
  11   1        
  12   1        TMOD &= 0x0F;
  13   1        TMOD |= 0x20; // Timer 1 mode 2 8 bit nap lai
  14   1        #if(BAUD_RATE == 1200)
                  TH1 = 0xE8; 
                #elif(BAUD_RATE == 2400)
                  TH1 = 0xF4; 
                #elif(BAUD_RATE == 9600)
  19   1          TH1 = 0xFD; 
  20   1        #elif(BAUD_RATE == 19200)
                  TH1 = 0xFD; 
                  PCON |= 0x80;
                #else
                  #error "Toc do Baud chi co the la 19200 9600 2400 1200"
                #endif
  26   1        
  27   1        TR1 = 1; // cho pheps timer chay
  28   1        TI = 1; // Co bao gui xong uart
  29   1        REN = 1; //Cho phep nhan du lieu
  30   1      }
  31          
  32          void Uart_Send(char c)
  33          {
  34   1        while(TI == 0);
  35   1        TI = 0; 
  36   1        SBUF = c;
  37   1      }
  38          
  39          char Uart_Data_Ready()
  40          {
  41   1        return RI; // RI bang 1 nhaan dc du lieu
  42   1      }
  43          
  44          char Uart_Read()
  45          {
  46   1        RI = 0;
  47   1        return SBUF;
  48   1      } 
  49            
  50          
  51          
  52          void Uart_Send_String(char *s)
  53          {
  54   1        char i = 0;
C51 COMPILER V9.01   UART_MODE1                                                            01/24/2023 20:19:47 PAGE 2   

  55   1        while(*(s+i) != '\0')
  56   1        {
  57   2          Uart_Send(*(s+i));
  58   2          i++;
  59   2        }
  60   1      
  61   1      }


MODULE INFORMATION:   STATIC OVERLAYABLE
   CODE SIZE        =     75    ----
   CONSTANT SIZE    =   ----    ----
   XDATA SIZE       =   ----    ----
   PDATA SIZE       =   ----    ----
   DATA SIZE        =   ----       3
   IDATA SIZE       =   ----    ----
   BIT SIZE         =   ----    ----
   EDATA SIZE       =   ----    ----
   HDATA SIZE       =   ----    ----
   XDATA CONST SIZE =   ----    ----
   FAR CONST SIZE   =   ----    ----
END OF MODULE INFORMATION.


C51 COMPILATION COMPLETE.  0 WARNING(S),  0 ERROR(S)
