C51 COMPILER V9.01   MAIN                                                                  02/04/2023 16:11:31 PAGE 1   


C51 COMPILER V9.01, COMPILATION OF MODULE MAIN
OBJECT MODULE PLACED IN .\Objects\main.obj
COMPILER INVOKED BY: C:\Keil_v5\C51\BIN\C51.EXE main.c OMF2 OPTIMIZE(8,SPEED) BROWSE DEBUG PRINT(.\Listings\main.lst) TA
                    -BS(2) OBJECT(.\Objects\main.obj)

line level    source

   1          #include"main.h"
   2          #include"..\Lib\Lcd4.h"
   3          #include"..\Lib\Delay.h"
   4          
   5          
   6          int main()
   7          {
   8   1        unsigned char  b;
   9   1        unsigned int  V_adc; 
  10   1        Lcd_Init();
  11   1        
  12   1        
  13   1        while(1)
  14   1        {
  15   2          if(P3_0)
  16   2          {   
  17   3              P2 = 255;
  18   3            while(P3_0 != 0)
  19   3            {
  20   4              --P2 ;
  21   4              Delay_ms(10);
  22   4            }
  23   3          }else
  24   2          {
  25   3            P2 = 0;
  26   3            while(P3_0 == 0)
  27   3            {
  28   4              ++P2;
  29   4              Delay_ms(10);
  30   4              
  31   4            }
  32   3          }
  33   2            b = P2;
  34   2            V_adc = b*1.953125f;
  35   2            
  36   2            Lcd_Chr(1, 1, V_adc/100+0x30);
  37   2            Lcd_Chr_Cp(V_adc%100/10+0x30);
  38   2            Lcd_Chr_Cp(V_adc%10+0x30);
  39   2            
  40   2            
  41   2        }
  42   1      
  43   1      }


MODULE INFORMATION:   STATIC OVERLAYABLE
   CODE SIZE        =    136    ----
   CONSTANT SIZE    =   ----    ----
   XDATA SIZE       =   ----    ----
   PDATA SIZE       =   ----    ----
   DATA SIZE        =   ----       3
   IDATA SIZE       =   ----    ----
   BIT SIZE         =   ----    ----
   EDATA SIZE       =   ----    ----
C51 COMPILER V9.01   MAIN                                                                  02/04/2023 16:11:31 PAGE 2   

   HDATA SIZE       =   ----    ----
   XDATA CONST SIZE =   ----    ----
   FAR CONST SIZE   =   ----    ----
END OF MODULE INFORMATION.


C51 COMPILATION COMPLETE.  0 WARNING(S),  0 ERROR(S)
