C51 COMPILER V9.60.0.0   MAIN                                                              12/26/2022 21:31:15 PAGE 1   


C51 COMPILER V9.60.0.0, COMPILATION OF MODULE MAIN
OBJECT MODULE PLACED IN .\Objects\main.obj
COMPILER INVOKED BY: C:\Keil_v5\C51\BIN\C51.EXE main.c OPTIMIZE(8,SPEED) BROWSE DEBUG OBJECTEXTEND PRINT(.\Listings\main
                    -.lst) TABS(2) OBJECT(.\Objects\main.obj)

line level    source

   1          #include"main.h"
   2          #include"..\Lib\Delay.h"
   3          
   4          unsigned char code font5x7_0[7][7]={{0x0E, 0x11, 0x13, 0x15, 0x19, 0x11, 0x0E},//0
   5                                              {0x1F, 0x04, 0x04, 0x04, 0x14, 0x0C, 0x04},//1
   6                                              {0x1F, 0x08, 0x04, 0x02, 0x01, 0x11, 0x0E},//2
   7                                              {0x0E, 0x11, 0x01, 0x06, 0x01, 0x11, 0x0E},//3
   8                                              {0x02, 0x1F, 0x12, 0x08, 0x04, 0x02, 0x01},//4
   9                                              {0x1E, 0x01, 0x01, 0x01, 0x1E, 0x10, 0x1F},//5
  10                                              {0x0E, 0x11, 0x11, 0x1E, 0x10, 0x11, 0x0E}};//6
  11          
  12          
  13          void main()
  14          {
  15   1        unsigned char i, j;
  16   1        unsigned char count;
  17   1        while(1)
  18   1        {
  19   2          //P3 = 0x01;
  20   2          for(count = 0; count < 6 ; count++)
  21   2          {
  22   3            for(j = 0; j < 142; j++)
  23   3            {
  24   4              for(i = 0; i < 7 ; i++)
  25   4              {
  26   5                P0 = font5x7_0[count][i];
  27   5                P3 = 0x01 << i;
  28   5                delay(1);
  29   5                P3 = 0;
  30   5              }
  31   4            }
  32   3          }
  33   2        }
  34   1      }


MODULE INFORMATION:   STATIC OVERLAYABLE
   CODE SIZE        =    109    ----
   CONSTANT SIZE    =     49    ----
   XDATA SIZE       =   ----    ----
   PDATA SIZE       =   ----    ----
   DATA SIZE        =   ----       3
   IDATA SIZE       =   ----    ----
   BIT SIZE         =   ----    ----
END OF MODULE INFORMATION.


C51 COMPILATION COMPLETE.  0 WARNING(S),  0 ERROR(S)
