C51 COMPILER V9.01   ADC0804                                                               02/05/2023 22:39:45 PAGE 1   


C51 COMPILER V9.01, COMPILATION OF MODULE ADC0804
OBJECT MODULE PLACED IN .\Objects\ADC0804.obj
COMPILER INVOKED BY: C:\Keil_v5\C51\BIN\C51.EXE ..\Lib\ADC0804.c OMF2 OPTIMIZE(8,SPEED) BROWSE DEBUG PRINT(.\Listings\AD
                    -C0804.lst) TABS(2) OBJECT(.\Objects\ADC0804.obj)

line level    source

   1          #include"main.h"
   2          #include"ADC0804.h"
   3          #include"port.h"
   4          
   5          unsigned char ADC0804_Read()
   6          {
   7   1        unsigned char kq;
   8   1        // chon chip
   9   1        ADC0804_CS = 0;
  10   1        
  11   1        //Tao xung bat dau chuyen doi
  12   1        ADC0804_WR = 0;
  13   1        ADC0804_WR = 1;
  14   1        
  15   1        // Doi cho den khi chuyen doi xong
  16   1        while(ADC0804_INTR);
  17   1        
  18   1        ADC0804_RD = 0;
  19   1        kq = ADC0804_DATA;
  20   1        ADC0804_RD = 1;
  21   1          
  22   1        return kq;
  23   1      }


MODULE INFORMATION:   STATIC OVERLAYABLE
   CODE SIZE        =     16    ----
   CONSTANT SIZE    =   ----    ----
   XDATA SIZE       =   ----    ----
   PDATA SIZE       =   ----    ----
   DATA SIZE        =   ----    ----
   IDATA SIZE       =   ----    ----
   BIT SIZE         =   ----    ----
   EDATA SIZE       =   ----    ----
   HDATA SIZE       =   ----    ----
   XDATA CONST SIZE =   ----    ----
   FAR CONST SIZE   =   ----    ----
END OF MODULE INFORMATION.


C51 COMPILATION COMPLETE.  0 WARNING(S),  0 ERROR(S)
