C51 COMPILER V9.01   MAIN                                                                  02/05/2023 22:39:44 PAGE 1   


C51 COMPILER V9.01, COMPILATION OF MODULE MAIN
OBJECT MODULE PLACED IN .\Objects\main.obj
COMPILER INVOKED BY: C:\Keil_v5\C51\BIN\C51.EXE main.c OMF2 OPTIMIZE(8,SPEED) BROWSE DEBUG PRINT(.\Listings\main.lst) TA
                    -BS(2) OBJECT(.\Objects\main.obj)

line level    source

   1          #include"main.h"
   2          #include"..\Lib\ADC0804.h"
   3          #include"..\Lib\LCD4.h"
   4          #include"..\Lib\Port.h"
   5          #include"..\Lib\Delay.h"
   6          
   7          /* t = D*1.961 */
   8          
   9          int main()
  10          {
  11   1        unsigned char t, D;
  12   1        Lcd_Init();
  13   1        
  14   1        while(1)
  15   1        {
  16   2          D = ADC0804_Read();
  17   2          t = D*1.961f;
  18   2          
  19   2          Lcd_Chr(1, 1, t/100 +  0x30);
  20   2          Lcd_Chr_Cp(t%100/10 + 0x30);
  21   2          Lcd_Chr_Cp(t%10 + 0x30);
  22   2          Delay_ms(200);
  23   2        }
  24   1        
  25   1      }


MODULE INFORMATION:   STATIC OVERLAYABLE
   CODE SIZE        =     87    ----
   CONSTANT SIZE    =   ----    ----
   XDATA SIZE       =   ----    ----
   PDATA SIZE       =   ----    ----
   DATA SIZE        =   ----       2
   IDATA SIZE       =   ----    ----
   BIT SIZE         =   ----    ----
   EDATA SIZE       =   ----    ----
   HDATA SIZE       =   ----    ----
   XDATA CONST SIZE =   ----    ----
   FAR CONST SIZE   =   ----    ----
END OF MODULE INFORMATION.


C51 COMPILATION COMPLETE.  0 WARNING(S),  0 ERROR(S)
