C51 COMPILER V9.01   MAIN                                                                  02/01/2023 16:31:25 PAGE 1   


C51 COMPILER V9.01, COMPILATION OF MODULE MAIN
OBJECT MODULE PLACED IN .\Objects\main.obj
COMPILER INVOKED BY: C:\Keil_v5\C51\BIN\C51.EXE main.c OPTIMIZE(8,SPEED) BROWSE DEBUG OBJECTEXTEND PRINT(.\Listings\main
                    -.lst) TABS(2) OBJECT(.\Objects\main.obj)

line level    source

   1          #include"main.h"
   2          
   3          
   4          unsigned char t = 10;
   5          
   6          
   7          int main (void)
   8          {
   9   1        TMOD &= 0xF0;
  10   1        TMOD |= 0x01;
  11   1        
  12   1        TH0 = 0x3C;
  13   1        TL0 = 0XB0;
  14   1        
  15   1        ET0 = 1; // CHO PHEP NGAT TIMER 0
  16   1        EA = 1; // cho phep ngat toan cuc
  17   1        TR0 = 1;
  18   1        
  19   1        while(1)
  20   1        {
  21   2          
  22   2          
  23   2        }
  24   1        
  25   1      }
  26          
  27          
  28          void Timer0Overflow(void) interrupt 1
  29          {
  30   1        
  31   1          TH0 = 0x3C;
  32   1          TL0 = 0XB0;
  33   1          t--;
  34   1          if(t == 0)
  35   1          {
  36   2            t = 10;
  37   2            P2 = ~P2;
  38   2          }
  39   1        
  40   1      }


MODULE INFORMATION:   STATIC OVERLAYABLE
   CODE SIZE        =     36    ----
   CONSTANT SIZE    =   ----    ----
   XDATA SIZE       =   ----    ----
   PDATA SIZE       =   ----    ----
   DATA SIZE        =      1    ----
   IDATA SIZE       =   ----    ----
   BIT SIZE         =   ----    ----
END OF MODULE INFORMATION.


C51 COMPILATION COMPLETE.  0 WARNING(S),  0 ERROR(S)
