C51 COMPILER V9.60.0.0   MAIN                                                              12/16/2022 22:15:44 PAGE 1   


C51 COMPILER V9.60.0.0, COMPILATION OF MODULE MAIN
OBJECT MODULE PLACED IN .\Objects\main.obj
COMPILER INVOKED BY: C:\Keil_v5\C51\BIN\C51.EXE main.c OPTIMIZE(8,SPEED) BROWSE DEBUG OBJECTEXTEND PRINT(.\Listings\main
                    -.lst) TABS(2) OBJECT(.\Objects\main.obj)

line level    source

   1          #include"main.h"
   2          #include"..\Lib\Delay.h"
   3          
   4          sbit relay = P2^0;
   5          sbit button = P1^0;
   6          
   7          void main(){
   8   1        relay = 0;
   9   1        while(1){
  10   2          if(button == 0){
  11   3            Delay_ms(20);
  12   3            if(button == 0)
  13   3            {
  14   4              relay = !relay;
  15   4              while(button==0);
  16   4            }
  17   3          }
  18   2        }
  19   1      }
  20            


MODULE INFORMATION:   STATIC OVERLAYABLE
   CODE SIZE        =     22    ----
   CONSTANT SIZE    =   ----    ----
   XDATA SIZE       =   ----    ----
   PDATA SIZE       =   ----    ----
   DATA SIZE        =   ----    ----
   IDATA SIZE       =   ----    ----
   BIT SIZE         =   ----    ----
END OF MODULE INFORMATION.


C51 COMPILATION COMPLETE.  0 WARNING(S),  0 ERROR(S)
