C51 COMPILER V9.01   MAIN                                                                  01/24/2023 18:28:53 PAGE 1   


C51 COMPILER V9.01, COMPILATION OF MODULE MAIN
OBJECT MODULE PLACED IN .\Objects\main.obj
COMPILER INVOKED BY: C:\Keil_v5\C51\BIN\C51.EXE main.c OMF2 OPTIMIZE(8,SPEED) BROWSE DEBUG PRINT(.\Listings\main.lst) TA
                    -BS(2) OBJECT(.\Objects\main.obj)

line level    source

   1          #include"main.h"
   2          #include"..\Lib\Uart_Mode1.h"
   3          
   4          
   5          int main()
   6          {
   7   1        char a;
   8   1        Uart_Init();
   9   1        
  10   1        
  11   1        while(1)
  12   1        {
  13   2          
  14   2            Uart_Send_String("Nhap vao ky tu in thuong: ");
  15   2            while(Uart_Data_Ready() == 0);
  16   2            
  17   2            a =  Uart_Read();
  18   2            a -= 32;
  19   2            Uart_Send_String("-->>");
  20   2            Uart_Send(a);
  21   2            Uart_Send_String("\r\n");
  22   2            
  23   2          }
  24   1          
  25   1        
  26   1        
  27   1      }


MODULE INFORMATION:   STATIC OVERLAYABLE
   CODE SIZE        =     54    ----
   CONSTANT SIZE    =     35    ----
   XDATA SIZE       =   ----    ----
   PDATA SIZE       =   ----    ----
   DATA SIZE        =   ----       1
   IDATA SIZE       =   ----    ----
   BIT SIZE         =   ----    ----
   EDATA SIZE       =   ----    ----
   HDATA SIZE       =   ----    ----
   XDATA CONST SIZE =   ----    ----
   FAR CONST SIZE   =   ----    ----
END OF MODULE INFORMATION.


C51 COMPILATION COMPLETE.  0 WARNING(S),  0 ERROR(S)
