C51 COMPILER V9.60.0.0   LESSON1                                                           12/17/2022 15:50:46 PAGE 1   


C51 COMPILER V9.60.0.0, COMPILATION OF MODULE LESSON1
OBJECT MODULE PLACED IN .\Objects\lesson1.obj
COMPILER INVOKED BY: C:\Keil_v5\C51\BIN\C51.EXE lesson1.c OPTIMIZE(8,SPEED) BROWSE DEBUG OBJECTEXTEND PRINT(.\Listings\l
                    -esson1.lst) TABS(2) OBJECT(.\Objects\lesson1.obj)

line level    source

   1          #include"main.h"
   2          #include"..\Lib\Delay.h"
   3          
   4          //Do 20s xanh 15s vang 5s
   5          
   6          //Mang phan tu led 7 don luu trong bo nho code(flash) bo nho chuong trinh;
   7          unsigned char code Code7seg[] = {0xC0, 0xF9, 0xA4, 0xB0, 0x99, 0x92, 0x82, 0xF8, 0x80, 0x90};
   8          
   9          sbit Do = P0^0;
  10          sbit xanh = P0^1;
  11          sbit vang = P0^2;
  12          #define led_chuc P2
  13          #define led_donvi P3
  14          
  15          void main()
  16          {
  17   1        signed char i;
  18   1        
  19   1        while(1)
  20   1        {
  21   2          //Den do
  22   2           Do = 0;
  23   2           xanh = 1;
  24   2           vang = 1;
  25   2           for(i = 20; i >= 0; i --)
  26   2           {
  27   3              led_chuc = Code7seg[i/10];
  28   3              led_donvi= Code7seg[i%10];
  29   3              delay(500);
  30   3           }
  31   2           //den xanh
  32   2           Do = 1;
  33   2           xanh = 0;
  34   2           vang = 1;
  35   2           for(i = 15; i>=0; i --)
  36   2           {
  37   3              led_chuc = Code7seg[i/10];//15/10 = 1 du 5
  38   3              led_donvi = Code7seg[i%10];
  39   3              delay(500);
  40   3           }
  41   2           //den vang
  42   2           xanh = 1;
  43   2           vang = 0;
  44   2           Do = 1;
  45   2           for(i = 5; i>=0; i --)
  46   2           {
  47   3              led_chuc = Code7seg[i/10];
  48   3              led_donvi= Code7seg[i%10];
  49   3              delay(500);
  50   3           }
  51   2        }
  52   1      }


C51 COMPILER V9.60.0.0   LESSON1                                                           12/17/2022 15:50:46 PAGE 2   

MODULE INFORMATION:   STATIC OVERLAYABLE
   CODE SIZE        =    270    ----
   CONSTANT SIZE    =     10    ----
   XDATA SIZE       =   ----    ----
   PDATA SIZE       =   ----    ----
   DATA SIZE        =   ----       1
   IDATA SIZE       =   ----    ----
   BIT SIZE         =   ----    ----
END OF MODULE INFORMATION.


C51 COMPILATION COMPLETE.  0 WARNING(S),  0 ERROR(S)
