C51 COMPILER V9.01   MAIN                                                                  01/18/2023 20:41:18 PAGE 1   


C51 COMPILER V9.01, COMPILATION OF MODULE MAIN
OBJECT MODULE PLACED IN .\Objects\main.obj
COMPILER INVOKED BY: C:\Keil_v5\C51\BIN\C51.EXE main.c OPTIMIZE(8,SPEED) BROWSE DEBUG OBJECTEXTEND PRINT(.\Listings\main
                    -.lst) TABS(2) OBJECT(.\Objects\main.obj)

line level    source

   1          #include"..\Lib\Delay.h"
   2          #include"MAIN.H"
   3          
   4          
   5          void main(void)
   6          {
   7   1        SM0 = SM1 = 0; // Mode 0 UART
   8   1        REN = 1; // Cho phep nhan du lieu
   9   1        
  10   1        while(1)
  11   1        {
  12   2          P3_2 = 0; // tao xung chot du lieu ngo vao 74165
  13   2          P3_2 = 1
  14   2          
  15   2          RI = 0;
*** ERROR C141 IN LINE 15 OF MAIN.C: syntax error near 'RI'
  16   2          while(RI == 0);
  17   2          P2 = SBUF;
  18   2        }
  19   1      
  20   1      }
  21          

C51 COMPILATION COMPLETE.  0 WARNING(S),  1 ERROR(S)
