C51 COMPILER V9.01   MAIN                                                                  04/22/2022 17:33:06 PAGE 1   


C51 COMPILER V9.01, COMPILATION OF MODULE MAIN
OBJECT MODULE PLACED IN main.OBJ
COMPILER INVOKED BY: D:\Keil\C51\BIN\C51.EXE main.c BROWSE DEBUG OBJECTEXTEND

line level    source

   1          #include<reg51.h>
   2          int i, a;
   3          unsigned int t;
   4          sbit LED =P2^0;
   5          sbit START = P1^0;
   6          void delay(int t)
   7           { while(t--);
   8   1       }
   9           void main()
  10           {
  11   1        while(1){
  12   2              LED =0;
  13   2              if(START ==0){
  14   3               delay(100);
  15   3                if(START ==0);
  16   3                for(a=0; a<=3; a++){
  17   4                LED =1;
  18   4                delay(10000);
  19   4                LED =0;
  20   4                delay(10000);
  21   4                }
  22   3              }
  23   2              }
  24   1      }
  25                  


MODULE INFORMATION:   STATIC OVERLAYABLE
   CODE SIZE        =     69    ----
   CONSTANT SIZE    =   ----    ----
   XDATA SIZE       =   ----    ----
   PDATA SIZE       =   ----    ----
   DATA SIZE        =      6    ----
   IDATA SIZE       =   ----    ----
   BIT SIZE         =   ----    ----
END OF MODULE INFORMATION.


C51 COMPILATION COMPLETE.  0 WARNING(S),  0 ERROR(S)
