C51 COMPILER V9.01   MAIN                                                                  02/02/2023 18:01:18 PAGE 1   


C51 COMPILER V9.01, COMPILATION OF MODULE MAIN
OBJECT MODULE PLACED IN .\Objects\main.obj
COMPILER INVOKED BY: C:\Keil_v5\C51\BIN\C51.EXE main.c OPTIMIZE(8,SPEED) BROWSE DEBUG OBJECTEXTEND PRINT(.\Listings\main
                    -.lst) TABS(2) OBJECT(.\Objects\main.obj)

line level    source

   1          #include"main.h"
   2          #include"..\Lib\Delay.h"
   3          
   4          
   5          
   6          
   7          
   8          int main(void)
   9          {
  10   1        
  11   1        unsigned char b, i;
  12   1        
  13   1        while(1)
  14   1        {
  15   2          while(P3_2);
  16   2          b = 0;
  17   2          
  18   2          for(i = 0; i < 8; i++)
  19   2          {
  20   3            b <<= 1;
  21   3            Delay_ms(2);
  22   3            if(P3_2)
  23   3            { 
  24   4              b |= 0x01;
  25   4              
  26   4            }
  27   3            else
  28   3            {
  29   4              while(P3_2 == 0); 
  30   4              
  31   4            }
  32   3            if(i!=7) while(P3_2);
  33   3          }
  34   2          P2 = b;
  35   2        }
  36   1        
  37   1      }


MODULE INFORMATION:   STATIC OVERLAYABLE
   CODE SIZE        =     55    ----
   CONSTANT SIZE    =   ----    ----
   XDATA SIZE       =   ----    ----
   PDATA SIZE       =   ----    ----
   DATA SIZE        =   ----       2
   IDATA SIZE       =   ----    ----
   BIT SIZE         =   ----    ----
END OF MODULE INFORMATION.


C51 COMPILATION COMPLETE.  0 WARNING(S),  0 ERROR(S)
