C51 COMPILER V9.60.0.0   MAIN                                                              12/22/2022 16:02:48 PAGE 1   


C51 COMPILER V9.60.0.0, COMPILATION OF MODULE MAIN
OBJECT MODULE PLACED IN .\Objects\main.obj
COMPILER INVOKED BY: C:\Keil_v5\C51\BIN\C51.EXE main.c OPTIMIZE(8,SPEED) BROWSE DEBUG OBJECTEXTEND PRINT(.\Listings\main
                    -.lst) TABS(2) OBJECT(.\Objects\main.obj)

line level    source

   1          #include"main.h"
   2          #include"..\Lib\Delay.h"
   3          
   4          unsigned char code Code7seg[] = {0xC0, 0xF9, 0xA4, 0xB0, 0x99, 0x92, 0x82, 0xF8, 0x80, 0x90};
   5          
   6          #define latch_1 P2_0
   7          #define latch_2 P2_1
   8          #define led P0
   9          
  10          void main()
  11          {
  12   1        unsigned char i, donvi, chuc;
  13   1        latch_1 = latch_2 = 0;
  14   1        while(1)
  15   1        {
  16   2          for(i= 0; i < 99; i++)
  17   2          {
  18   3            donvi = i%10;
  19   3            chuc = i/10;
  20   3            
  21   3              led = Code7seg[donvi];
  22   3              latch_2 = 1;
  23   3              latch_2 = 0;
  24   3              
  25   3              led = Code7seg[chuc];
  26   3              latch_1 = 1;
  27   3              latch_1 = 0;
  28   3              delay(500);
  29   3            
  30   3          }
  31   2        }
  32   1      }


MODULE INFORMATION:   STATIC OVERLAYABLE
   CODE SIZE        =     67    ----
   CONSTANT SIZE    =     10    ----
   XDATA SIZE       =   ----    ----
   PDATA SIZE       =   ----    ----
   DATA SIZE        =   ----       3
   IDATA SIZE       =   ----    ----
   BIT SIZE         =   ----    ----
END OF MODULE INFORMATION.


C51 COMPILATION COMPLETE.  0 WARNING(S),  0 ERROR(S)
