C51 COMPILER V9.60.0.0   MAIN                                                              12/19/2022 10:39:59 PAGE 1   


C51 COMPILER V9.60.0.0, COMPILATION OF MODULE MAIN
OBJECT MODULE PLACED IN .\Objects\main.obj
COMPILER INVOKED BY: C:\Keil_v5\C51\BIN\C51.EXE main.c OPTIMIZE(8,SPEED) BROWSE DEBUG OBJECTEXTEND PRINT(.\Listings\main
                    -.lst) TABS(2) OBJECT(.\Objects\main.obj)

line level    source

   1          #include "REGX52.h"
   2          #include "..\Lib\Delay.h"
   3          #indlude "main.h"
*** WARNING C315 IN LINE 3 OF main.c: unknown #directive 'indlude'
   4          
   5          #define LED_PORT P2
   6          //0101 0101 => 1010 1010
   7          //0x05    => 0xAA
   8          void main()
   9          {
  10   1        LED_PORT = 0x55;
  11   1        while(1)
  12   1        {
  13   2        Delay_ms(200);
*** WARNING C206 IN LINE 13 OF main.c: 'Delay_ms': missing function-prototype
*** ERROR C267 IN LINE 13 OF main.c: 'Delay_ms': requires ANSI-style prototype
  14   2        LED_PORT = ~LED_PORT;
  15   2        }
  16   1      }

C51 COMPILATION COMPLETE.  2 WARNING(S),  1 ERROR(S)
