C51 COMPILER V9.60.0.0   MAIN                                                              12/20/2022 21:21:34 PAGE 1   


C51 COMPILER V9.60.0.0, COMPILATION OF MODULE MAIN
OBJECT MODULE PLACED IN .\Objects\main.obj
COMPILER INVOKED BY: C:\Keil_v5\C51\BIN\C51.EXE main.c OPTIMIZE(8,SPEED) BROWSE DEBUG OBJECTEXTEND PRINT(.\Listings\main
                    -.lst) TABS(2) OBJECT(.\Objects\main.obj)

line level    source

   1          #include"main.h"
   2          #include"..\Lib\Delay.h"
   3          ////Dong ho so don gian
   4          #define led P3
   5          sbit a = P1^0;//gio
   6          sbit b = P1^1;//gio
   7          sbit c = P1^2;//phut
   8          sbit d = P1^3;//phut
   9          sbit e = P1^4;//giay
  10          sbit f = P1^5;//giay 
  11          
  12          
  13          unsigned char code code7seg[] = {0xC0, 0xF9, 0xA4, 0xB0, 0x99, 0x92, 0x82, 0xF8, 0x80, 0x90};
  14          
  15          
  16          void main(){
  17   1        unsigned char  donvi, chuc, giay, phut, gio ;
  18   1        unsigned int i;
  19   1        while(1)
  20   1        {
  21   2          giay++;
  22   2            for(i = 0; i < 166; i++)
  23   2            {
  24   3              led = code7seg[giay%10];
  25   3              f = 0;
  26   3              delay(1);
  27   3              f = 1;
  28   3              
  29   3              led = code7seg[giay/10];
  30   3              e = 0;
  31   3              delay(1);
  32   3              e = 1;
  33   3              
  34   3              if (giay == 60)
  35   3              {
  36   4                giay = 0;
  37   4                phut++;
  38   4              }
  39   3              //phut
  40   3                led = code7seg[phut%10];
  41   3                d = 0;
  42   3                delay(1);
  43   3                d = 1;
  44   3                
  45   3                led = code7seg[phut/10];
  46   3                c = 0;
  47   3                delay(1);
  48   3                c = 1;
  49   3              
  50   3              if (phut == 60)
  51   3              {
  52   4                phut = 0;
  53   4                gio ++;
  54   4              }
C51 COMPILER V9.60.0.0   MAIN                                                              12/20/2022 21:21:34 PAGE 2   

  55   3              // gio
  56   3              led = code7seg[gio%10];
  57   3                b = 0;
  58   3                delay(1);
  59   3                b = 1;
  60   3                
  61   3                led = code7seg[gio/10];
  62   3                a = 0;
  63   3                delay(1);
  64   3                a = 1;
  65   3            } 
  66   2          
  67   2          
  68   2                
  69   2        }
  70   1        
  71   1      }
*** WARNING C280 IN LINE 17 OF main.c: 'donvi': unreferenced local variable
*** WARNING C280 IN LINE 17 OF main.c: 'chuc': unreferenced local variable


MODULE INFORMATION:   STATIC OVERLAYABLE
   CODE SIZE        =    194    ----
   CONSTANT SIZE    =     10    ----
   XDATA SIZE       =   ----    ----
   PDATA SIZE       =   ----    ----
   DATA SIZE        =   ----       7
   IDATA SIZE       =   ----    ----
   BIT SIZE         =   ----    ----
END OF MODULE INFORMATION.


C51 COMPILATION COMPLETE.  2 WARNING(S),  0 ERROR(S)
