C51 COMPILER V9.01   MAIN                                                                  02/04/2023 17:14:27 PAGE 1   


C51 COMPILER V9.01, COMPILATION OF MODULE MAIN
OBJECT MODULE PLACED IN .\Objects\main.obj
COMPILER INVOKED BY: C:\Keil_v5\C51\BIN\C51.EXE main.c OPTIMIZE(8,SPEED) BROWSE DEBUG OBJECTEXTEND PRINT(.\Listings\main
                    -.lst) TABS(2) OBJECT(.\Objects\main.obj)

line level    source

   1          #include"main.h"
   2          #include"..\Lib\Delay.h"
   3          #include"..\Lib\Lcd4.h"
   4          #include"..\Lib\Port.h"
   5          #include"..\Lib\ADC0804.h"
   6          
   7          int main()
   8          {
   9   1        unsigned char adc_value;
  10   1        unsigned int voltage;
  11   1        
  12   1        Lcd_Init();
  13   1        
  14   1        while(1)
  15   1        {
  16   2          // adc_value tra ve 000 - 500 tuong ung voi 0 - 5V
  17   2          adc_value = ADC0804_Read();
  18   2          
  19   2          Lcd_Chr(1, 1, adc_value/100 + 0x30);
  20   2          Lcd_Chr_Cp(adc_value%100/10 + 0x30);
  21   2          Lcd_Chr_Cp(adc_value%10 + 0x30);
  22   2          
  23   2          voltage = adc_value * 19.61f;
  24   2          
  25   2          Lcd_Chr(2, 1, voltage/1000 + 0x30);
  26   2          Lcd_Chr_Cp('.');
  27   2          Lcd_Chr_Cp(voltage%1000/100 + 0x30);
  28   2          Lcd_Chr_Cp(voltage%100/10 + 0x30);
  29   2          Lcd_Chr_Cp(voltage%10 + 0x30);
  30   2          
  31   2          Delay_ms(500);
  32   2          
  33   2        }
  34   1        
  35   1      }
  36          
  37          
  38          


MODULE INFORMATION:   STATIC OVERLAYABLE
   CODE SIZE        =    193    ----
   CONSTANT SIZE    =   ----    ----
   XDATA SIZE       =   ----    ----
   PDATA SIZE       =   ----    ----
   DATA SIZE        =   ----       3
   IDATA SIZE       =   ----    ----
   BIT SIZE         =   ----    ----
END OF MODULE INFORMATION.


C51 COMPILATION COMPLETE.  0 WARNING(S),  0 ERROR(S)
