C51 COMPILER V9.01   MAIN                                                                  01/18/2023 20:47:52 PAGE 1   


C51 COMPILER V9.01, COMPILATION OF MODULE MAIN
OBJECT MODULE PLACED IN .\Objects\main.obj
COMPILER INVOKED BY: C:\Keil_v5\C51\BIN\C51.EXE main.c OPTIMIZE(8,SPEED) BROWSE DEBUG OBJECTEXTEND PRINT(.\Listings\main
                    -.lst) TABS(2) OBJECT(.\Objects\main.obj)

line level    source

   1          #include"main.h"
   2          
   3          
   4          int main()
   5          {
   6   1        SM0 = SM1 = 0;
   7   1        REN = 1;
   8   1        
   9   1        while(1)
  10   1        {
  11   2          P3_2 = 0;
  12   2          P3_2 = 1;
  13   2          
  14   2          RI = 0;
  15   2          while(RI == 0);
  16   2          P2 = SBUF;
  17   2          
  18   2        }
  19   1        
  20   1      }


MODULE INFORMATION:   STATIC OVERLAYABLE
   CODE SIZE        =     20    ----
   CONSTANT SIZE    =   ----    ----
   XDATA SIZE       =   ----    ----
   PDATA SIZE       =   ----    ----
   DATA SIZE        =   ----    ----
   IDATA SIZE       =   ----    ----
   BIT SIZE         =   ----    ----
END OF MODULE INFORMATION.


C51 COMPILATION COMPLETE.  0 WARNING(S),  0 ERROR(S)
